2025-01-06T03:22:44+00:00 DEBUG POST: https://ads.tiktok.com/marketing_api/api/developer/app/create_auto_approve/

{"business_platform":"PROD","smb_id":"tt4b_woocommerce_677b4c84adb30httplocalhostwebbanhangwp-admin","smb_name":"PROD","redirect_url":"http:\/\/localhost\/webbanhang\/wp-admin\/"}
 ajax: no
2025-01-06T03:22:45+00:00 DEBUG Tt4b_Mapi_Class::create_open_source_app: Response: 

HTTP/1.1 200 OK
Content-Type: application/json
X-Tt-Logid: 20250106032148741B8E63D2146C5FA80B,20250106032148741B8E63D2146C5FA80B
Strict-Transport-Security: max-age=31536000; includeSubDomains
Server-Timing: inner; dur=73
x-tt-trace-host: 013c53fa28a2c54c627049b03aeb899ae56ea438e226b9c493902ab5d4cc64d2479780fbb4ea8da46ab3edd9c1046a7f95019f09cca23abf435bb7562763e4b4102d328c04785e8750ad66b2f8ca907d96c81a0e4afc6d0fc0735a533a1bc086d8
x-tt-trace-id: 00-250106032148741B8E63D2146C5FA80B-65A9D76630A244E9-00
Server: TLB
Content-Encoding: gzip
Date: Mon, 06 Jan 2025 03:21:49 GMT
Content-Length: 207
X-Cache: TCP_MISS from a113-171-10-140.deploy.akamaitechnologies.com (AkamaiGHost/11.7.2.1-35a4fcef889a1f053c9fa641f2ccd99a) (-)
Connection: close
Vary: Accept-Encoding
x-tt-trace-tag: id=16;cdn-cache=miss;type=dyn
Server-Timing: cdn-cache; desc=MISS, edge; dur=2, origin; dur=134
X-Origin-Response-Time: 134,113.171.10.140
X-Akamai-Request-ID: 54c9bb0b

{"code":0,"msg":"ok","data":{"app_id":"7456637503349456913","app_secret":"cf10160b7d5ce29636cc9494805e0355ec0f1f55","external_data_key":"10a5dfb6-5dec-47bd-b8ca-227c596aaa53","redirect_uri":"http:\/\/localhost\/webbanhang\/wp-admin\/"}}

